<?xml version="1.0" encoding="UTF-8"?>
<testng-results ignored="0" total="1" passed="1" failed="0" skipped="0">
  <reporter-output>
    <line>
      <![CDATA[Google]]>
    </line>
  </reporter-output>
  <suite started-at="2022-06-16T07:22:22Z" name="Suite" finished-at="2022-06-16T07:22:30Z" duration-ms="7424">
    <groups>
    </groups>
    <test started-at="2022-06-16T07:22:22Z" name="Test" finished-at="2022-06-16T07:22:30Z" duration-ms="7424">
      <class name="scripts.Test1">
        <test-method is-config="true" signature="openApp()[pri:0, instance:scripts.Test1@258d79be]" started-at="2022-06-16T07:22:22Z" name="openApp" finished-at="2022-06-16T07:22:26Z" duration-ms="3198" status="PASS">
          <reporter-output>
          </reporter-output>
        </test-method> <!-- openApp -->
        <test-method signature="titleTest()[pri:0, instance:scripts.Test1@258d79be]" started-at="2022-06-16T07:22:26Z" name="titleTest" finished-at="2022-06-16T07:22:26Z" duration-ms="15" status="PASS">
          <reporter-output>
            <line>
              <![CDATA[Google]]>
            </line>
          </reporter-output>
        </test-method> <!-- titleTest -->
        <test-method is-config="true" signature="closeApp()[pri:0, instance:scripts.Test1@258d79be]" started-at="2022-06-16T07:22:26Z" name="closeApp" finished-at="2022-06-16T07:22:30Z" duration-ms="4197" status="PASS">
          <reporter-output>
          </reporter-output>
        </test-method> <!-- closeApp -->
      </class> <!-- scripts.Test1 -->
    </test> <!-- Test -->
  </suite> <!-- Suite -->
</testng-results>
